"**NVIDIA on GitHub ✅ success**
> Workflow [19915693466](<https://github.com/gpu-mode/discord-cluster-manager/actions/runs/19915693466>) completed
> Downloading artifacts... done
> ❌ Running benchmarks failed (internal error 1)

Running on:
* GPU: `NVIDIA B200`
* CPU: `INTEL(R) XEON(R) PLATINUM 8570`
* Runtime: `CUDA`
* Platform: `Linux-6.8.0-51-generic-x86_64-with-glibc2.35`
* Torch: `2.9.1+cu130`
# Running failed
Command ```bash
python3 eval.py benchmark /tmp/tmp9r5uxrod```
exited with error code **1** after 9.67 seconds.

## Program stderr:
```
multiprocessing.pool.RemoteTraceback: 
\"\"\"
Traceback (most recent call last):
  File \"/usr/local/lib/python3.10/dist-packages/torch/utils/cpp_extension.py\", line 2597, in _run_ninja_build
    subprocess.run(
  File \"/usr/lib/python3.10/subprocess.py\", line 526, in run
    raise CalledProcessError(retcode, process.args,
subprocess.CalledProcessError: Command '['ninja', '-v']' returned non-zero exit status 2.

The above exception was the direct cause of the following exception:

Traceback (most recent call last):
  File \"/usr/lib/python3.10/multiprocessing/pool.py\", line 125, in worker
    result = (True, func(*args, **kwds))
  File \"/home/runner/_work/discord-cluster-manager/discord-cluster-manager/eval.py\", line 210, in _run_single_benchmark
    from submission import custom_kernel
  File \"/home/runner/_work/discord-cluster-manager/discord-cluster-manager/submission.py\", line 446, in <module>
    nvfp4_gemm_debug_module = load_inline(
  File \"/usr/local/lib/python3.10/dist-packages/torch/utils/cpp_extension.py\", line 2051, in load_inline
    return _jit_compile(
  File \"/usr/local/lib/python3.10/dist-packages/torch/utils/cpp_extension.py\", line 2134, in _jit_compile
    _write_ninja_file_and_build_library(
  File \"/usr/local/lib/python3.10/dist-packages/torch/utils/cpp_extension.py\", line 2286, in _write_ninja_file_and_build_library
    _run_ninja_build(
  File \"/usr/local/lib/python3.10/dist-packages/torch/utils/cpp_extension.py\", line 2614, in _run_ninja_build
    raise RuntimeError(message) from e
RuntimeError: Error building extension 'nvfp4_blockscaled_gemm_debug': [1/2] /usr/local/cuda-13.0/bin/nvcc --generate-dependencies-with-compile --dependency-output cuda.cuda.o.d -DTORCH_EXTENSION_NAME=nvfp4_blockscaled_gemm_debug -DTORCH_API_INCLUDE_EXTENSION_H -isystem /usr/local/lib/python3.10/dist-packages/torch/include -isystem /usr/local/lib/python3.10/dist-packages/torch/include/torch/csrc/api/include -isystem /usr/local/cuda-13.0/include -isystem /usr/include/python3.10 -D__CUDA_NO_HALF_OPERATORS__ -D__CUDA_NO_HALF_CONVERSIONS__ -D__CUDA_NO_BFLOAT16_CONVERSIONS__ -D__CUDA_NO_HALF2_OPERATORS__ --expt-relaxed-constexpr --compiler-options '-fPIC' -std=c++17 -gencode=arch=compute_100a,code=sm_100a --ptxas-options=--gpu-name=sm_100a -O3 -w -maxrregcount=64 --use_fast_math -allow-unsupported-compiler -c /home/runner/.cache/torch_extensions/py310_cu130/nvfp4_blockscaled_gemm_debug/cuda.cu -o cuda.cuda.o 
FAILED: [code=2] cuda.cuda.o 
/usr/local/cuda-13.0/bin/nvcc --generate-dependencies-with-compile --dependency-output cuda.cuda.o.d -DTORCH_EXTENSION_NAME=nvfp4_blockscaled_gemm_debug -DTORCH_API_INCLUDE_EXTENSION_H -isystem /usr/local/lib/python3.10/dist-packages/torch/include -isystem /usr/local/lib/python3.10/dist-packages/torch/include/torch/csrc/api/include -isystem /usr/local/cuda-13.0/include -isystem /usr/include/python3.10 -D__CUDA_NO_HALF_OPERATORS__ -D__CUDA_NO_HALF_CONVERSIONS__ -D__CUDA_NO_BFLOAT16_CONVERSIONS__ -D__CUDA_NO_HALF2_OPERATORS__ --expt-relaxed-constexpr --compiler-options '-fPIC' -std=c++17 -gencode=arch=compute_100a,code=sm_100a --ptxas-options=--gpu-name=sm_100a -O3 -w -maxrregcount=64 --use_fast_math -allow-unsupported-compiler -c /home/runner/.cache/torch_extensions/py310_cu130/nvfp4_blockscaled_gemm_debug/cuda.cu -o cuda.cuda.o 
/home/runner/.cache/torch_extensions/py310_cu130/nvfp4_blockscaled_gemm_debug/cuda.cu(344): error: missing closing quote
                  printf(\"[DEBUG] Block(%d,%d) Thread(%d) Iter(%d) Row(%d) Col(%d) Per-FMA: Rcv=%.6e Exp=%.6e Diff=%.6e Cum_Rcv=%.6e Cum_Exp=%.6e
                         ^

/home/runner/.cache/torch_extensions/py310_cu130/nvfp4_blockscaled_gemm_debug/cuda.cu(345): error: missing closing quote
  \",
  ^

/home/runner/.cache/torch_extensions/py310_cu130/nvfp4_blockscaled_gemm_debug/cuda.cu(358): error: missing closing quote
              printf(\"[DEBUG] Block(%d,%d) Thread(%d) PreReduce Col(%d) accum=%.6e expected=%.6e
                     ^

/home/runner/.cache/torch_extensions/py310_cu130/nvfp4_blockscaled_gemm_debug/cuda.cu(359): error: missing closing quote
  \",
  ^

/home/runner/.cache/torch_extensions/py310_cu130/nvfp4_blockscaled_gemm_debug/cuda.cu(390): error: missing closing quote
                  printf(\"[DEBUG] Block(%d,%d) FinalReduce Row(%d) Col(%d) Rcv=%.6e Exp=%.6e Diff=%.6e
                         ^

/home/runner/.cache/torch_extensions/py310_cu130/nvfp4_blockscaled_gemm_debug/cuda.cu(391): error: missing closing quote
  \",
  ^

/home/runner/.cache/torch_extensions/py310_cu130/nvfp4_blockscaled_gemm_debug/cuda.cu(346): error: expected a \")\"
                         blockIdx.y, blockIdx.x, tid, iter, row, col_start + ci,
                         ^

/home/runner/.cache/torch_extensions/py310_cu130/nvfp4_blockscaled_gemm_debug/cuda.cu(360): error: expected a \")\"
                     blockIdx.y, blockIdx.x, tid, col_start + ci,
                     ^

/home/runner/.cache/torch_extensions/py310_cu130/nvfp4_blockscaled_gemm_debug/cuda.cu(392): error: expected a \")\"
                         blockIdx.y, blockIdx.x, row, col,
                         ^

9 errors detected in the compilation of \"/home/runner/.cache/torch_extensions/py310_cu130/nvfp4_blockscaled_gemm_debug/cuda.cu\".
ninja: build stopped: subcommand failed.

\"\"\"

The above exception was the direct cause of the following exception:

Traceback (most recent call last):
  File \"/home/runner/_work/discord-cluster-manager/discord-cluster-manager/eval.py\", line 498, in <module>
    sys.exit(main())
  File \"/home/runner/_work/discord-cluster-manager/discord-cluster-manager/eval.py\", line 466, in main
    return run_benchmarking(logger, pool, tests)
  File \"/home/runner/_work/discord-cluster-manager/discord-cluster-manager/eval.py\", line 319, in run_benchmarking
    run_single_benchmark(pool, tests[0], False, 200, 10e7)
  File \"/home/runner/_work/discord-cluster-manager/discord-cluster-manager/eval.py\", line 304, in run_single_benchmark
    return pool.apply(_run_single_benchmark, (test, recheck, max_repeats, max_time_ns))
  File \"/usr/lib/python3.10/multiprocessing/pool.py\", line 360, in apply
    return self.apply_async(func, args, kwds).get()
  File \"/usr/lib/python3.10/multiprocessing/pool.py\", line 774, in get
    raise self._value
RuntimeError: Error building extension 'nvfp4_blockscaled_gemm_debug': [1/2] /usr/local/cuda-13.0/bin/nvcc --generate-dependencies-with-compile --dependency-output cuda.cuda.o.d -DTORCH_EXTENSION_NAME=nvfp4_blockscaled_gemm_debug -DTORCH_API_INCLUDE_EXTENSION_H -isystem /usr/local/lib/python3.10/dist-packages/torch/include -isystem /usr/local/lib/python3.10/dist-packages/torch/include/torch/csrc/api/include -isystem /usr/local/cuda-13.0/include -isystem /usr/include/python3.10 -D__CUDA_NO_HALF_OPERATORS__ -D__CUDA_NO_HALF_CONVERSIONS__ -D__CUDA_NO_BFLOAT16_CONVERSIONS__ -D__CUDA_NO_HALF2_OPERATORS__ --expt-relaxed-constexpr --compiler-options '-fPIC' -std=c++17 -gencode=arch=compute_100a,code=sm_100a --ptxas-options=--gpu-name=sm_100a -O3 -w -maxrregcount=64 --use_fast_math -allow-unsupported-compiler -c /home/runner/.cache/torch_extensions/py310_cu130/nvfp4_blockscaled_gemm_debug/cuda.cu -o cuda.cuda.o 
FAILED: [code=2] cuda.cuda.o 
/usr/local/cuda-13.0/bin/nvcc --generate-dependencies-with-compile --dependency-output cuda.cuda.o.d -DTORCH_EXTENSION_NAME=nvfp4_blockscaled_gemm_debug -DTORCH_API_INCLUDE_EXTENSION_H -isystem /usr/local/lib/python3.10/dist-packages/torch/include -isystem /usr/local/lib/python3.10/dist-packages/torch/include/torch/csrc/api/include -isystem /usr/local/cuda-13.0/include -isystem /usr/include/python3.10 -D__CUDA_NO_HALF_OPERATORS__ -D__CUDA_NO_HALF_CONVERSIONS__ -D__CUDA_NO_BFLOAT16_CONVERSIONS__ -D__CUDA_NO_HALF2_OPERATORS__ --expt-relaxed-constexpr --compiler-options '-fPIC' -std=c++17 -gencode=arch=compute_100a,code=sm_100a --ptxas-options=--gpu-name=sm_100a -O3 -w -maxrregcount=64 --use_fast_math -allow-unsupported-compiler -c /home/runner/.cache/torch_extensions/py310_cu130/nvfp4_blockscaled_gemm_debug/cuda.cu -o cuda.cuda.o 
/home/runner/.cache/torch_extensions/py310_cu130/nvfp4_blockscaled_gemm_debug/cuda.cu(344): error: missing closing quote
                  printf(\"[DEBUG] Block(%d,%d) Thread(%d) Iter(%d) Row(%d) Col(%d) Per-FMA: Rcv=%.6e Exp=%.6e Diff=%.6e Cum_Rcv=%.6e Cum_Exp=%.6e
                         ^

/home/runner/.cache/torch_extensions/py310_cu130/nvfp4_blockscaled_gemm_debug/cuda.cu(345): error: missing closing quote
  \",
  ^

/home/runner/.cache/torch_extensions/py310_cu130/nvfp4_blockscaled_gemm_debug/cuda.cu(358): error: missing closing quote
              printf(\"[DEBUG] Block(%d,%d) Thread(%d) PreReduce Col(%d) accum=%.6e expected=%.6e
                     ^

/home/runner/.cache/torch_extensions/py310_cu130/nvfp4_blockscaled_gemm_debug/cuda.cu(359): error: missing closing quote
  \",
  ^

/home/runner/.cache/torch_extensions/py310_cu130/nvfp4_blockscaled_gemm_debug/cuda.cu(390): error: missing closing quote
                  printf(\"[DEBUG] Block(%d,%d) FinalReduce Row(%d) Col(%d) Rcv=%.6e Exp=%.6e Diff=%.6e
                         ^

/home/runner/.cache/torch_extensions/py310_cu130/nvfp4_blockscaled_gemm_debug/cuda.cu(391): error: missing closing quote
  \",
  ^

/home/runner/.cache/torch_extensions/py310_cu130/nvfp4_blockscaled_gemm_debug/cuda.cu(346): error: expected a \")\"
                         blockIdx.y, blockIdx.x, tid, iter, row, col_start + ci,
                         ^

/home/runner/.cache/torch_extensions/py310_cu130/nvfp4_blockscaled_gemm_debug/cuda.cu(360): error: expected a \")\"
                     blockIdx.y, blockIdx.x, tid, col_start + ci,
                     ^

/home/runner/.cache/torch_extensions/py310_cu130/nvfp4_blockscaled_gemm_debug/cuda.cu(392): error: expected a \")\"
                         blockIdx.y, blockIdx.x, row, col,
                         ^

9 errors detected in the compilation of \"/home/runner/.cache/torch_extensions/py310_cu130/nvfp4_blockscaled_gemm_debug/cuda.cu\".
ninja: build stopped: subcommand failed.```"